BonetCalendarView/build/outputs/logs/manifest-merger-debug-report.txt
-- Merging decision tree log ---
manifest
ADDED from Android_Project2-1\BonetCalendarView\AndroidManifest.xml:2:1-16:12
INJECTED from Android_Project2-1\BonetCalendarView\AndroidManifest.xml:2:1-16:12
INJECTED from Android_Project2-1\BonetCalendarView\AndroidManifest.xml:2:1-16:12
INJECTED from Android_Project2-1\BonetCalendarView\AndroidManifest.xml:2:1-16:12
INJECTED from Android_Project2-1\BonetCalendarView\AndroidManifest.xml:2:1-16:12
INJECTED from Android_Project2-1\BonetCalendarView\AndroidManifest.xml:2:1-16:12
INJECTED from Android_Project2-1\BonetCalendarView\AndroidManifest.xml:2:1-16:12
	package
		ADDED from Android_Project2-1\BonetCalendarView\AndroidManifest.xml:3:5-48
		INJECTED from Android_Project2-1\BonetCalendarView\AndroidManifest.xml
		INJECTED from Android_Project2-1\BonetCalendarView\AndroidManifest.xml
	android:versionName
		ADDED from Android_Project2-1\BonetCalendarView\AndroidManifest.xml:5:5-30
		INJECTED from Android_Project2-1\BonetCalendarView\AndroidManifest.xml
		INJECTED from Android_Project2-1\BonetCalendarView\AndroidManifest.xml
	xmlns:android
		ADDED from Android_Project2-1\BonetCalendarView\AndroidManifest.xml:2:11-69
	android:versionCode
		ADDED from Android_Project2-1\BonetCalendarView\AndroidManifest.xml:4:5-28
		INJECTED from Android_Project2-1\BonetCalendarView\AndroidManifest.xml
		INJECTED from Android_Project2-1\BonetCalendarView\AndroidManifest.xml
uses-sdk
ADDED from Android_Project2-1\BonetCalendarView\AndroidManifest.xml:7:5-9:41
	android:targetSdkVersion
		ADDED from Android_Project2-1\BonetCalendarView\AndroidManifest.xml:9:9-38
	android:minSdkVersion
		ADDED from Android_Project2-1\BonetCalendarView\AndroidManifest.xml:8:9-34
application
ADDED from Android_Project2-1\BonetCalendarView\AndroidManifest.xml:11:5-14:19
	android:label
		ADDED from Android_Project2-1\BonetCalendarView\AndroidManifest.xml:13:9-41
	android:allowBackup
		ADDED from Android_Project2-1\BonetCalendarView\AndroidManifest.xml:12:9-35